<?xml version="1.0" encoding="UTF-8"?>
<!-- Generated by org.testng.reporters.JUnitReportReporter -->
<testsuite hostname="INLEN8520074590" failures="1" tests="1" name="testrunner.LandingPage_TestRunner_3" time="72.695" errors="0" timestamp="2023-06-06T08:28:26 IST" skipped="0">
  <testcase classname="testrunner.LandingPage_TestRunner_3" name="runScenario" time="72.695">
    <failure message="expected [OpenCart - Contact] but found [OpenCart - Contact Support Success]" type="java.lang.AssertionError">
      <![CDATA[java.lang.AssertionError: expected [OpenCart - Contact] but found [OpenCart - Contact Support Success]
at org.testng.Assert.fail(Assert.java:99)
at org.testng.Assert.failNotEquals(Assert.java:1037)
at org.testng.Assert.assertEqualsImpl(Assert.java:140)
at org.testng.Assert.assertEquals(Assert.java:122)
at org.testng.Assert.assertEquals(Assert.java:629)
at org.testng.Assert.assertEquals(Assert.java:639)
at landingpage_stepdefinitions_3.LandingPageSteps_3.contact_us_form_should_be_submitted(LandingPageSteps_3.java:130)
at âœ½.Contact Us form should be submitted(file:///C:/Users/PUDATTAT/eclipse-workspace/Opencart_project/src/test/resources/features/ContactUs_3.feature:13)
]]>
    </failure>
  </testcase> <!-- runScenario -->
  <system-out/>
</testsuite> <!-- testrunner.LandingPage_TestRunner_3 -->
